<?xml version="1.0" encoding="UTF-8"?>
<testsuite name="datadriven.UserDD" tests="2" skipped="0" failures="0" errors="0" timestamp="2021-08-28T16:12:05" hostname="NBBV020098" time="13.273">
  <properties/>
  <testcase name="incluirUsuario[0](1001, charlie, charlie, brown, charliebrown@test.com, 123456, 11999999999, 0)" classname="datadriven.UserDD" time="11.952"/>
  <testcase name="incluirUsuario[1](1002, lucy, lucy, carter, lucycarter@test.com, 654321, 11888888888, 0)" classname="datadriven.UserDD" time="1.303"/>
  <system-out><![CDATA[Request method:	POST
Request URI:	https://petstore.swagger.io/v2/user
Proxy:			<none>
Request params:	<none>
Query params:	<none>
Form params:	<none>
Path params:	<none>
Headers:		Accept=*/*
				Content-Type=application/json; charset=UTF-8
Cookies:		<none>
Multiparts:		<none>
Body:
{
    "firstName": "charlie",
    "lastName": "brown",
    "password": "123456",
    "userStatus": "0",
    "phone": "11999999999",
    "id": "1001",
    "email": "charliebrown@test.com",
    "username": "charlie"
}
HTTP/1.1 200 OK
Date: Sat, 28 Aug 2021 16:12:13 GMT
Content-Type: application/json
Transfer-Encoding: chunked
Connection: keep-alive
Access-Control-Allow-Origin: *
Access-Control-Allow-Methods: GET, POST, DELETE, PUT
Access-Control-Allow-Headers: Content-Type, api_key, Authorization
Server: Jetty(9.2.9.v20150224)

{
    "code": 200,
    "type": "unknown",
    "message": "1001"
}
O userId Ã©: 1001
Request method:	POST
Request URI:	https://petstore.swagger.io/v2/user
Proxy:			<none>
Request params:	<none>
Query params:	<none>
Form params:	<none>
Path params:	<none>
Headers:		Accept=*/*
				Content-Type=application/json; charset=UTF-8
Cookies:		<none>
Multiparts:		<none>
Body:
{
    "firstName": "lucy",
    "lastName": "carter",
    "password": "654321",
    "userStatus": "0",
    "phone": "11888888888",
    "id": "1002",
    "email": "lucycarter@test.com",
    "username": "lucy"
}
HTTP/1.1 200 OK
Date: Sat, 28 Aug 2021 16:12:17 GMT
Content-Type: application/json
Transfer-Encoding: chunked
Connection: keep-alive
Access-Control-Allow-Origin: *
Access-Control-Allow-Methods: GET, POST, DELETE, PUT
Access-Control-Allow-Headers: Content-Type, api_key, Authorization
Server: Jetty(9.2.9.v20150224)

{
    "code": 200,
    "type": "unknown",
    "message": "1002"
}
O userId Ã©: 1002
]]></system-out>
  <system-err><![CDATA[]]></system-err>
</testsuite>
